
kernel8.elf:     file format elf64-littleaarch64


Disassembly of section .text:

0000000000080000 <_start>:
   80000:	d53800a2 	mrs	x2, mpidr_el1
   80004:	92400442 	and	x2, x2, #0x3
   80008:	d5384240 	mrs	x0, currentel
   8000c:	f100101f 	cmp	x0, #0x4
   80010:	540003a0 	b.eq	80084 <_start+0x84>  // b.none
   80014:	d2900001 	mov	x1, #0x8000                	// #32768
   80018:	9b027c21 	mul	x1, x1, x2
   8001c:	58000460 	ldr	x0, 800a8 <_start+0xa8>
   80020:	8b010000 	add	x0, x0, x1
   80024:	d51c4100 	msr	sp_el1, x0
   80028:	d53ce100 	mrs	x0, cnthctl_el2
   8002c:	b2400400 	orr	x0, x0, #0x3
   80030:	d51ce100 	msr	cnthctl_el2, x0
   80034:	d51ce07f 	msr	cntvoff_el2, xzr
   80038:	d5380000 	mrs	x0, midr_el1
   8003c:	d53800a1 	mrs	x1, mpidr_el1
   80040:	d51c0000 	msr	vpidr_el2, x0
   80044:	d51c00a1 	msr	vmpidr_el2, x1
   80048:	d2867fe0 	mov	x0, #0x33ff                	// #13311
   8004c:	d51c1140 	msr	cptr_el2, x0
   80050:	d51c117f 	msr	hstr_el2, xzr
   80054:	d2a00600 	mov	x0, #0x300000              	// #3145728
   80058:	d5181040 	msr	cpacr_el1, x0
   8005c:	d2b00000 	mov	x0, #0x80000000            	// #2147483648
   80060:	d51c1100 	msr	hcr_el2, x0
   80064:	d2810000 	mov	x0, #0x800                 	// #2048
   80068:	f2a61a00 	movk	x0, #0x30d0, lsl #16
   8006c:	d5181000 	msr	sctlr_el1, x0
   80070:	d2807880 	mov	x0, #0x3c4                 	// #964
   80074:	d51c4000 	msr	spsr_el2, x0
   80078:	10000060 	adr	x0, 80084 <_start+0x84>
   8007c:	d51c4020 	msr	elr_el2, x0
   80080:	d69f03e0 	eret
   80084:	d2a00041 	mov	x1, #0x20000               	// #131072
   80088:	9b027c21 	mul	x1, x1, x2
   8008c:	58000120 	ldr	x0, 800b0 <_start+0xb0>
   80090:	8b010000 	add	x0, x0, x1
   80094:	9100001f 	mov	sp, x0
   80098:	58000100 	ldr	x0, 800b8 <_start+0xb8>
   8009c:	d518c000 	msr	vbar_el1, x0
   800a0:	14000254 	b	809f0 <_ZN6Kernel4initEv>
   800a4:	00000000 	udf	#0
   800a8:	00290000 	.inst	0x00290000 ; NYI
   800ac:	00000000 	udf	#0
   800b0:	00228000 	.inst	0x00228000 ; NYI
   800b4:	00000000 	udf	#0
   800b8:	00080100 	.inst	0x00080100 ; undefined
	...

0000000000080100 <VectorTable>:
   80100:	140001e2 	b	80888 <SynchronousStub>
   80104:	d503201f 	nop
   80108:	d503201f 	nop
   8010c:	d503201f 	nop
   80110:	d503201f 	nop
   80114:	d503201f 	nop
   80118:	d503201f 	nop
   8011c:	d503201f 	nop
   80120:	d503201f 	nop
   80124:	d503201f 	nop
   80128:	d503201f 	nop
   8012c:	d503201f 	nop
   80130:	d503201f 	nop
   80134:	d503201f 	nop
   80138:	d503201f 	nop
   8013c:	d503201f 	nop
   80140:	d503201f 	nop
   80144:	d503201f 	nop
   80148:	d503201f 	nop
   8014c:	d503201f 	nop
   80150:	d503201f 	nop
   80154:	d503201f 	nop
   80158:	d503201f 	nop
   8015c:	d503201f 	nop
   80160:	d503201f 	nop
   80164:	d503201f 	nop
   80168:	d503201f 	nop
   8016c:	d503201f 	nop
   80170:	d503201f 	nop
   80174:	d503201f 	nop
   80178:	d503201f 	nop
   8017c:	d503201f 	nop
   80180:	140001c4 	b	80890 <IRQStub>
   80184:	d503201f 	nop
   80188:	d503201f 	nop
   8018c:	d503201f 	nop
   80190:	d503201f 	nop
   80194:	d503201f 	nop
   80198:	d503201f 	nop
   8019c:	d503201f 	nop
   801a0:	d503201f 	nop
   801a4:	d503201f 	nop
   801a8:	d503201f 	nop
   801ac:	d503201f 	nop
   801b0:	d503201f 	nop
   801b4:	d503201f 	nop
   801b8:	d503201f 	nop
   801bc:	d503201f 	nop
   801c0:	d503201f 	nop
   801c4:	d503201f 	nop
   801c8:	d503201f 	nop
   801cc:	d503201f 	nop
   801d0:	d503201f 	nop
   801d4:	d503201f 	nop
   801d8:	d503201f 	nop
   801dc:	d503201f 	nop
   801e0:	d503201f 	nop
   801e4:	d503201f 	nop
   801e8:	d503201f 	nop
   801ec:	d503201f 	nop
   801f0:	d503201f 	nop
   801f4:	d503201f 	nop
   801f8:	d503201f 	nop
   801fc:	d503201f 	nop
   80200:	140001d0 	b	80940 <FIQStub>
   80204:	d503201f 	nop
   80208:	d503201f 	nop
   8020c:	d503201f 	nop
   80210:	d503201f 	nop
   80214:	d503201f 	nop
   80218:	d503201f 	nop
   8021c:	d503201f 	nop
   80220:	d503201f 	nop
   80224:	d503201f 	nop
   80228:	d503201f 	nop
   8022c:	d503201f 	nop
   80230:	d503201f 	nop
   80234:	d503201f 	nop
   80238:	d503201f 	nop
   8023c:	d503201f 	nop
   80240:	d503201f 	nop
   80244:	d503201f 	nop
   80248:	d503201f 	nop
   8024c:	d503201f 	nop
   80250:	d503201f 	nop
   80254:	d503201f 	nop
   80258:	d503201f 	nop
   8025c:	d503201f 	nop
   80260:	d503201f 	nop
   80264:	d503201f 	nop
   80268:	d503201f 	nop
   8026c:	d503201f 	nop
   80270:	d503201f 	nop
   80274:	d503201f 	nop
   80278:	d503201f 	nop
   8027c:	d503201f 	nop
   80280:	14000183 	b	8088c <SErrorStub>
   80284:	d503201f 	nop
   80288:	d503201f 	nop
   8028c:	d503201f 	nop
   80290:	d503201f 	nop
   80294:	d503201f 	nop
   80298:	d503201f 	nop
   8029c:	d503201f 	nop
   802a0:	d503201f 	nop
   802a4:	d503201f 	nop
   802a8:	d503201f 	nop
   802ac:	d503201f 	nop
   802b0:	d503201f 	nop
   802b4:	d503201f 	nop
   802b8:	d503201f 	nop
   802bc:	d503201f 	nop
   802c0:	d503201f 	nop
   802c4:	d503201f 	nop
   802c8:	d503201f 	nop
   802cc:	d503201f 	nop
   802d0:	d503201f 	nop
   802d4:	d503201f 	nop
   802d8:	d503201f 	nop
   802dc:	d503201f 	nop
   802e0:	d503201f 	nop
   802e4:	d503201f 	nop
   802e8:	d503201f 	nop
   802ec:	d503201f 	nop
   802f0:	d503201f 	nop
   802f4:	d503201f 	nop
   802f8:	d503201f 	nop
   802fc:	d503201f 	nop
   80300:	14000162 	b	80888 <SynchronousStub>
   80304:	d503201f 	nop
   80308:	d503201f 	nop
   8030c:	d503201f 	nop
   80310:	d503201f 	nop
   80314:	d503201f 	nop
   80318:	d503201f 	nop
   8031c:	d503201f 	nop
   80320:	d503201f 	nop
   80324:	d503201f 	nop
   80328:	d503201f 	nop
   8032c:	d503201f 	nop
   80330:	d503201f 	nop
   80334:	d503201f 	nop
   80338:	d503201f 	nop
   8033c:	d503201f 	nop
   80340:	d503201f 	nop
   80344:	d503201f 	nop
   80348:	d503201f 	nop
   8034c:	d503201f 	nop
   80350:	d503201f 	nop
   80354:	d503201f 	nop
   80358:	d503201f 	nop
   8035c:	d503201f 	nop
   80360:	d503201f 	nop
   80364:	d503201f 	nop
   80368:	d503201f 	nop
   8036c:	d503201f 	nop
   80370:	d503201f 	nop
   80374:	d503201f 	nop
   80378:	d503201f 	nop
   8037c:	d503201f 	nop
   80380:	14000144 	b	80890 <IRQStub>
   80384:	d503201f 	nop
   80388:	d503201f 	nop
   8038c:	d503201f 	nop
   80390:	d503201f 	nop
   80394:	d503201f 	nop
   80398:	d503201f 	nop
   8039c:	d503201f 	nop
   803a0:	d503201f 	nop
   803a4:	d503201f 	nop
   803a8:	d503201f 	nop
   803ac:	d503201f 	nop
   803b0:	d503201f 	nop
   803b4:	d503201f 	nop
   803b8:	d503201f 	nop
   803bc:	d503201f 	nop
   803c0:	d503201f 	nop
   803c4:	d503201f 	nop
   803c8:	d503201f 	nop
   803cc:	d503201f 	nop
   803d0:	d503201f 	nop
   803d4:	d503201f 	nop
   803d8:	d503201f 	nop
   803dc:	d503201f 	nop
   803e0:	d503201f 	nop
   803e4:	d503201f 	nop
   803e8:	d503201f 	nop
   803ec:	d503201f 	nop
   803f0:	d503201f 	nop
   803f4:	d503201f 	nop
   803f8:	d503201f 	nop
   803fc:	d503201f 	nop
   80400:	14000150 	b	80940 <FIQStub>
   80404:	d503201f 	nop
   80408:	d503201f 	nop
   8040c:	d503201f 	nop
   80410:	d503201f 	nop
   80414:	d503201f 	nop
   80418:	d503201f 	nop
   8041c:	d503201f 	nop
   80420:	d503201f 	nop
   80424:	d503201f 	nop
   80428:	d503201f 	nop
   8042c:	d503201f 	nop
   80430:	d503201f 	nop
   80434:	d503201f 	nop
   80438:	d503201f 	nop
   8043c:	d503201f 	nop
   80440:	d503201f 	nop
   80444:	d503201f 	nop
   80448:	d503201f 	nop
   8044c:	d503201f 	nop
   80450:	d503201f 	nop
   80454:	d503201f 	nop
   80458:	d503201f 	nop
   8045c:	d503201f 	nop
   80460:	d503201f 	nop
   80464:	d503201f 	nop
   80468:	d503201f 	nop
   8046c:	d503201f 	nop
   80470:	d503201f 	nop
   80474:	d503201f 	nop
   80478:	d503201f 	nop
   8047c:	d503201f 	nop
   80480:	14000103 	b	8088c <SErrorStub>
   80484:	d503201f 	nop
   80488:	d503201f 	nop
   8048c:	d503201f 	nop
   80490:	d503201f 	nop
   80494:	d503201f 	nop
   80498:	d503201f 	nop
   8049c:	d503201f 	nop
   804a0:	d503201f 	nop
   804a4:	d503201f 	nop
   804a8:	d503201f 	nop
   804ac:	d503201f 	nop
   804b0:	d503201f 	nop
   804b4:	d503201f 	nop
   804b8:	d503201f 	nop
   804bc:	d503201f 	nop
   804c0:	d503201f 	nop
   804c4:	d503201f 	nop
   804c8:	d503201f 	nop
   804cc:	d503201f 	nop
   804d0:	d503201f 	nop
   804d4:	d503201f 	nop
   804d8:	d503201f 	nop
   804dc:	d503201f 	nop
   804e0:	d503201f 	nop
   804e4:	d503201f 	nop
   804e8:	d503201f 	nop
   804ec:	d503201f 	nop
   804f0:	d503201f 	nop
   804f4:	d503201f 	nop
   804f8:	d503201f 	nop
   804fc:	d503201f 	nop
   80500:	140000e1 	b	80884 <UnexpectedStub>
   80504:	d503201f 	nop
   80508:	d503201f 	nop
   8050c:	d503201f 	nop
   80510:	d503201f 	nop
   80514:	d503201f 	nop
   80518:	d503201f 	nop
   8051c:	d503201f 	nop
   80520:	d503201f 	nop
   80524:	d503201f 	nop
   80528:	d503201f 	nop
   8052c:	d503201f 	nop
   80530:	d503201f 	nop
   80534:	d503201f 	nop
   80538:	d503201f 	nop
   8053c:	d503201f 	nop
   80540:	d503201f 	nop
   80544:	d503201f 	nop
   80548:	d503201f 	nop
   8054c:	d503201f 	nop
   80550:	d503201f 	nop
   80554:	d503201f 	nop
   80558:	d503201f 	nop
   8055c:	d503201f 	nop
   80560:	d503201f 	nop
   80564:	d503201f 	nop
   80568:	d503201f 	nop
   8056c:	d503201f 	nop
   80570:	d503201f 	nop
   80574:	d503201f 	nop
   80578:	d503201f 	nop
   8057c:	d503201f 	nop
   80580:	140000c1 	b	80884 <UnexpectedStub>
   80584:	d503201f 	nop
   80588:	d503201f 	nop
   8058c:	d503201f 	nop
   80590:	d503201f 	nop
   80594:	d503201f 	nop
   80598:	d503201f 	nop
   8059c:	d503201f 	nop
   805a0:	d503201f 	nop
   805a4:	d503201f 	nop
   805a8:	d503201f 	nop
   805ac:	d503201f 	nop
   805b0:	d503201f 	nop
   805b4:	d503201f 	nop
   805b8:	d503201f 	nop
   805bc:	d503201f 	nop
   805c0:	d503201f 	nop
   805c4:	d503201f 	nop
   805c8:	d503201f 	nop
   805cc:	d503201f 	nop
   805d0:	d503201f 	nop
   805d4:	d503201f 	nop
   805d8:	d503201f 	nop
   805dc:	d503201f 	nop
   805e0:	d503201f 	nop
   805e4:	d503201f 	nop
   805e8:	d503201f 	nop
   805ec:	d503201f 	nop
   805f0:	d503201f 	nop
   805f4:	d503201f 	nop
   805f8:	d503201f 	nop
   805fc:	d503201f 	nop
   80600:	140000a1 	b	80884 <UnexpectedStub>
   80604:	d503201f 	nop
   80608:	d503201f 	nop
   8060c:	d503201f 	nop
   80610:	d503201f 	nop
   80614:	d503201f 	nop
   80618:	d503201f 	nop
   8061c:	d503201f 	nop
   80620:	d503201f 	nop
   80624:	d503201f 	nop
   80628:	d503201f 	nop
   8062c:	d503201f 	nop
   80630:	d503201f 	nop
   80634:	d503201f 	nop
   80638:	d503201f 	nop
   8063c:	d503201f 	nop
   80640:	d503201f 	nop
   80644:	d503201f 	nop
   80648:	d503201f 	nop
   8064c:	d503201f 	nop
   80650:	d503201f 	nop
   80654:	d503201f 	nop
   80658:	d503201f 	nop
   8065c:	d503201f 	nop
   80660:	d503201f 	nop
   80664:	d503201f 	nop
   80668:	d503201f 	nop
   8066c:	d503201f 	nop
   80670:	d503201f 	nop
   80674:	d503201f 	nop
   80678:	d503201f 	nop
   8067c:	d503201f 	nop
   80680:	14000081 	b	80884 <UnexpectedStub>
   80684:	d503201f 	nop
   80688:	d503201f 	nop
   8068c:	d503201f 	nop
   80690:	d503201f 	nop
   80694:	d503201f 	nop
   80698:	d503201f 	nop
   8069c:	d503201f 	nop
   806a0:	d503201f 	nop
   806a4:	d503201f 	nop
   806a8:	d503201f 	nop
   806ac:	d503201f 	nop
   806b0:	d503201f 	nop
   806b4:	d503201f 	nop
   806b8:	d503201f 	nop
   806bc:	d503201f 	nop
   806c0:	d503201f 	nop
   806c4:	d503201f 	nop
   806c8:	d503201f 	nop
   806cc:	d503201f 	nop
   806d0:	d503201f 	nop
   806d4:	d503201f 	nop
   806d8:	d503201f 	nop
   806dc:	d503201f 	nop
   806e0:	d503201f 	nop
   806e4:	d503201f 	nop
   806e8:	d503201f 	nop
   806ec:	d503201f 	nop
   806f0:	d503201f 	nop
   806f4:	d503201f 	nop
   806f8:	d503201f 	nop
   806fc:	d503201f 	nop
   80700:	14000061 	b	80884 <UnexpectedStub>
   80704:	d503201f 	nop
   80708:	d503201f 	nop
   8070c:	d503201f 	nop
   80710:	d503201f 	nop
   80714:	d503201f 	nop
   80718:	d503201f 	nop
   8071c:	d503201f 	nop
   80720:	d503201f 	nop
   80724:	d503201f 	nop
   80728:	d503201f 	nop
   8072c:	d503201f 	nop
   80730:	d503201f 	nop
   80734:	d503201f 	nop
   80738:	d503201f 	nop
   8073c:	d503201f 	nop
   80740:	d503201f 	nop
   80744:	d503201f 	nop
   80748:	d503201f 	nop
   8074c:	d503201f 	nop
   80750:	d503201f 	nop
   80754:	d503201f 	nop
   80758:	d503201f 	nop
   8075c:	d503201f 	nop
   80760:	d503201f 	nop
   80764:	d503201f 	nop
   80768:	d503201f 	nop
   8076c:	d503201f 	nop
   80770:	d503201f 	nop
   80774:	d503201f 	nop
   80778:	d503201f 	nop
   8077c:	d503201f 	nop
   80780:	14000041 	b	80884 <UnexpectedStub>
   80784:	d503201f 	nop
   80788:	d503201f 	nop
   8078c:	d503201f 	nop
   80790:	d503201f 	nop
   80794:	d503201f 	nop
   80798:	d503201f 	nop
   8079c:	d503201f 	nop
   807a0:	d503201f 	nop
   807a4:	d503201f 	nop
   807a8:	d503201f 	nop
   807ac:	d503201f 	nop
   807b0:	d503201f 	nop
   807b4:	d503201f 	nop
   807b8:	d503201f 	nop
   807bc:	d503201f 	nop
   807c0:	d503201f 	nop
   807c4:	d503201f 	nop
   807c8:	d503201f 	nop
   807cc:	d503201f 	nop
   807d0:	d503201f 	nop
   807d4:	d503201f 	nop
   807d8:	d503201f 	nop
   807dc:	d503201f 	nop
   807e0:	d503201f 	nop
   807e4:	d503201f 	nop
   807e8:	d503201f 	nop
   807ec:	d503201f 	nop
   807f0:	d503201f 	nop
   807f4:	d503201f 	nop
   807f8:	d503201f 	nop
   807fc:	d503201f 	nop
   80800:	14000021 	b	80884 <UnexpectedStub>
   80804:	d503201f 	nop
   80808:	d503201f 	nop
   8080c:	d503201f 	nop
   80810:	d503201f 	nop
   80814:	d503201f 	nop
   80818:	d503201f 	nop
   8081c:	d503201f 	nop
   80820:	d503201f 	nop
   80824:	d503201f 	nop
   80828:	d503201f 	nop
   8082c:	d503201f 	nop
   80830:	d503201f 	nop
   80834:	d503201f 	nop
   80838:	d503201f 	nop
   8083c:	d503201f 	nop
   80840:	d503201f 	nop
   80844:	d503201f 	nop
   80848:	d503201f 	nop
   8084c:	d503201f 	nop
   80850:	d503201f 	nop
   80854:	d503201f 	nop
   80858:	d503201f 	nop
   8085c:	d503201f 	nop
   80860:	d503201f 	nop
   80864:	d503201f 	nop
   80868:	d503201f 	nop
   8086c:	d503201f 	nop
   80870:	d503201f 	nop
   80874:	d503201f 	nop
   80878:	d503201f 	nop
   8087c:	d503201f 	nop
   80880:	14000001 	b	80884 <UnexpectedStub>

0000000000080884 <UnexpectedStub>:
   80884:	d503201f 	nop

0000000000080888 <SynchronousStub>:
   80888:	d503201f 	nop

000000000008088c <SErrorStub>:
   8088c:	d503201f 	nop

0000000000080890 <IRQStub>:
   80890:	a9bf7bfd 	stp	x29, x30, [sp, #-16]!
   80894:	d538403d 	mrs	x29, elr_el1
   80898:	d538401e 	mrs	x30, spsr_el1
   8089c:	a9bf7bfd 	stp	x29, x30, [sp, #-16]!
   808a0:	d50341ff 	msr	daifclr, #0x1
   808a4:	a9bf73fb 	stp	x27, x28, [sp, #-16]!
   808a8:	a9bf6bf9 	stp	x25, x26, [sp, #-16]!
   808ac:	a9bf63f7 	stp	x23, x24, [sp, #-16]!
   808b0:	a9bf5bf5 	stp	x21, x22, [sp, #-16]!
   808b4:	a9bf53f3 	stp	x19, x20, [sp, #-16]!
   808b8:	a9bf4bf1 	stp	x17, x18, [sp, #-16]!
   808bc:	a9bf43ef 	stp	x15, x16, [sp, #-16]!
   808c0:	a9bf3bed 	stp	x13, x14, [sp, #-16]!
   808c4:	a9bf33eb 	stp	x11, x12, [sp, #-16]!
   808c8:	a9bf2be9 	stp	x9, x10, [sp, #-16]!
   808cc:	a9bf23e7 	stp	x7, x8, [sp, #-16]!
   808d0:	a9bf1be5 	stp	x5, x6, [sp, #-16]!
   808d4:	a9bf13e3 	stp	x3, x4, [sp, #-16]!
   808d8:	a9bf0be1 	stp	x1, x2, [sp, #-16]!
   808dc:	f81f0fe0 	str	x0, [sp, #-16]!
   808e0:	58000800 	ldr	x0, 809e0 <IRQReturnAddress+0xc>
   808e4:	f900001d 	str	x29, [x0]
   808e8:	d503201f 	nop
   808ec:	f84107e0 	ldr	x0, [sp], #16
   808f0:	a8c10be1 	ldp	x1, x2, [sp], #16
   808f4:	a8c113e3 	ldp	x3, x4, [sp], #16
   808f8:	a8c11be5 	ldp	x5, x6, [sp], #16
   808fc:	a8c123e7 	ldp	x7, x8, [sp], #16
   80900:	a8c12be9 	ldp	x9, x10, [sp], #16
   80904:	a8c133eb 	ldp	x11, x12, [sp], #16
   80908:	a8c13bed 	ldp	x13, x14, [sp], #16
   8090c:	a8c143ef 	ldp	x15, x16, [sp], #16
   80910:	a8c14bf1 	ldp	x17, x18, [sp], #16
   80914:	a8c153f3 	ldp	x19, x20, [sp], #16
   80918:	a8c15bf5 	ldp	x21, x22, [sp], #16
   8091c:	a8c163f7 	ldp	x23, x24, [sp], #16
   80920:	a8c16bf9 	ldp	x25, x26, [sp], #16
   80924:	a8c173fb 	ldp	x27, x28, [sp], #16
   80928:	d50341df 	msr	daifset, #0x1
   8092c:	a8c17bfd 	ldp	x29, x30, [sp], #16
   80930:	d518403d 	msr	elr_el1, x29
   80934:	d518401e 	msr	spsr_el1, x30
   80938:	a8c17bfd 	ldp	x29, x30, [sp], #16
   8093c:	d69f03e0 	eret

0000000000080940 <FIQStub>:
   80940:	a9bf7bfd 	stp	x29, x30, [sp, #-16]!
   80944:	a9bf73fb 	stp	x27, x28, [sp, #-16]!
   80948:	a9bf6bf9 	stp	x25, x26, [sp, #-16]!
   8094c:	a9bf63f7 	stp	x23, x24, [sp, #-16]!
   80950:	a9bf5bf5 	stp	x21, x22, [sp, #-16]!
   80954:	a9bf53f3 	stp	x19, x20, [sp, #-16]!
   80958:	a9bf4bf1 	stp	x17, x18, [sp, #-16]!
   8095c:	a9bf43ef 	stp	x15, x16, [sp, #-16]!
   80960:	a9bf3bed 	stp	x13, x14, [sp, #-16]!
   80964:	a9bf33eb 	stp	x11, x12, [sp, #-16]!
   80968:	a9bf2be9 	stp	x9, x10, [sp, #-16]!
   8096c:	a9bf23e7 	stp	x7, x8, [sp, #-16]!
   80970:	a9bf1be5 	stp	x5, x6, [sp, #-16]!
   80974:	a9bf13e3 	stp	x3, x4, [sp, #-16]!
   80978:	a9bf0be1 	stp	x1, x2, [sp, #-16]!
   8097c:	f81f0fe0 	str	x0, [sp, #-16]!
   80980:	f84107e0 	ldr	x0, [sp], #16
   80984:	a8c10be1 	ldp	x1, x2, [sp], #16
   80988:	a8c113e3 	ldp	x3, x4, [sp], #16
   8098c:	a8c11be5 	ldp	x5, x6, [sp], #16
   80990:	a8c123e7 	ldp	x7, x8, [sp], #16
   80994:	a8c12be9 	ldp	x9, x10, [sp], #16
   80998:	a8c133eb 	ldp	x11, x12, [sp], #16
   8099c:	a8c13bed 	ldp	x13, x14, [sp], #16
   809a0:	a8c143ef 	ldp	x15, x16, [sp], #16
   809a4:	a8c14bf1 	ldp	x17, x18, [sp], #16
   809a8:	a8c153f3 	ldp	x19, x20, [sp], #16
   809ac:	a8c15bf5 	ldp	x21, x22, [sp], #16
   809b0:	a8c163f7 	ldp	x23, x24, [sp], #16
   809b4:	a8c16bf9 	ldp	x25, x26, [sp], #16
   809b8:	a8c173fb 	ldp	x27, x28, [sp], #16
   809bc:	a8c17bfd 	ldp	x29, x30, [sp], #16
   809c0:	d69f03e0 	eret
   809c4:	58000121 	ldr	x1, 809e8 <IRQReturnAddress+0x14>
   809c8:	52800000 	mov	w0, #0x0                   	// #0
   809cc:	b9000020 	str	w0, [x1]
   809d0:	17ffffec 	b	80980 <FIQStub+0x40>

00000000000809d4 <IRQReturnAddress>:
	...
   809e0:	000809d4 	.inst	0x000809d4 ; undefined
   809e4:	00000000 	udf	#0
   809e8:	fe00b20c 	.inst	0xfe00b20c ; undefined
   809ec:	00000000 	udf	#0

00000000000809f0 <_ZN6Kernel4initEv>:
   809f0:	a9be7bfd 	stp	x29, x30, [sp, #-32]!
   809f4:	910003fd 	mov	x29, sp
   809f8:	910063e0 	add	x0, sp, #0x18
   809fc:	94000051 	bl	80b40 <_ZN8MiniUART4initEv>
   80a00:	d5384241 	mrs	x1, currentel
   80a04:	13027c21 	asr	w1, w1, #2
   80a08:	910063e0 	add	x0, sp, #0x18
   80a0c:	1100c021 	add	w1, w1, #0x30
   80a10:	9400007c 	bl	80c00 <_ZN8MiniUART7putCharEc>
   80a14:	90004401 	adrp	x1, 900000 <__text_end+0x87f054>
   80a18:	91000021 	add	x1, x1, #0x0
   80a1c:	910063e0 	add	x0, sp, #0x18
   80a20:	940000dc 	bl	80d90 <_ZN8MiniUARTlsEPc>
   80a24:	d503201f 	nop
   80a28:	910063e0 	add	x0, sp, #0x18
   80a2c:	94000115 	bl	80e80 <_ZN8MiniUART6updateEv>
   80a30:	17fffffe 	b	80a28 <_ZN6Kernel4initEv+0x38>
	...

0000000000080a40 <_Z6pinSeth>:
   80a40:	12001c00 	and	w0, w0, #0xff
   80a44:	52800022 	mov	w2, #0x1                   	// #1
   80a48:	d2800401 	mov	x1, #0x20                  	// #32
   80a4c:	f2bfc401 	movk	x1, #0xfe20, lsl #16
   80a50:	71007c1f 	cmp	w0, #0x1f
   80a54:	12001003 	and	w3, w0, #0x1f
   80a58:	d1001020 	sub	x0, x1, #0x4
   80a5c:	9a808020 	csel	x0, x1, x0, hi	// hi = pmore
   80a60:	2a0203e1 	mov	w1, w2
   80a64:	14000147 	b	80f80 <_Z6regSetmjii>
   80a68:	d503201f 	nop
   80a6c:	d503201f 	nop

0000000000080a70 <_Z8pinClearh>:
   80a70:	12001c00 	and	w0, w0, #0xff
   80a74:	52800022 	mov	w2, #0x1                   	// #1
   80a78:	d2800581 	mov	x1, #0x2c                  	// #44
   80a7c:	f2bfc401 	movk	x1, #0xfe20, lsl #16
   80a80:	71007c1f 	cmp	w0, #0x1f
   80a84:	12001003 	and	w3, w0, #0x1f
   80a88:	d1001020 	sub	x0, x1, #0x4
   80a8c:	9a808020 	csel	x0, x1, x0, hi	// hi = pmore
   80a90:	2a0203e1 	mov	w1, w2
   80a94:	1400013b 	b	80f80 <_Z6regSetmjii>
   80a98:	d503201f 	nop
   80a9c:	d503201f 	nop

0000000000080aa0 <_Z7pinReadh>:
   80aa0:	a9be7bfd 	stp	x29, x30, [sp, #-32]!
   80aa4:	910003fd 	mov	x29, sp
   80aa8:	f9000bf3 	str	x19, [sp, #16]
   80aac:	12001c13 	and	w19, w0, #0xff
   80ab0:	d2800700 	mov	x0, #0x38                  	// #56
   80ab4:	f2bfc400 	movk	x0, #0xfe20, lsl #16
   80ab8:	71007e7f 	cmp	w19, #0x1f
   80abc:	d1001001 	sub	x1, x0, #0x4
   80ac0:	9a818000 	csel	x0, x0, x1, hi	// hi = pmore
   80ac4:	9400011f 	bl	80f40 <_Z8mmioReadm>
   80ac8:	52800022 	mov	w2, #0x1                   	// #1
   80acc:	12001263 	and	w3, w19, #0x1f
   80ad0:	f9400bf3 	ldr	x19, [sp, #16]
   80ad4:	2a0203e1 	mov	w1, w2
   80ad8:	a8c27bfd 	ldp	x29, x30, [sp], #32
   80adc:	1400011d 	b	80f50 <_Z7setMaskjjii>

0000000000080ae0 <_Z7pinModeh9GPIO_MODE>:
   80ae0:	12001c00 	and	w0, w0, #0xff
   80ae4:	529999a4 	mov	w4, #0xcccd                	// #52429
   80ae8:	72b99984 	movk	w4, #0xcccc, lsl #16
   80aec:	52bfc405 	mov	w5, #0xfe200000            	// #-31457280
   80af0:	52800062 	mov	w2, #0x3                   	// #3
   80af4:	9ba47c04 	umull	x4, w0, w4
   80af8:	d363fc84 	lsr	x4, x4, #35
   80afc:	0b040883 	add	w3, w4, w4, lsl #2
   80b00:	0b0408a4 	add	w4, w5, w4, lsl #2
   80b04:	4b030403 	sub	w3, w0, w3, lsl #1
   80b08:	2a0403e0 	mov	w0, w4
   80b0c:	12001c63 	and	w3, w3, #0xff
   80b10:	1400011c 	b	80f80 <_Z6regSetmjii>
   80b14:	d503201f 	nop
   80b18:	d503201f 	nop
   80b1c:	d503201f 	nop

0000000000080b20 <_Z7pinPullh9GPIO_PULL>:
   80b20:	53041c04 	ubfx	w4, w0, #4, #4
   80b24:	52801c82 	mov	w2, #0xe4                  	// #228
   80b28:	72bfc402 	movk	w2, #0xfe20, lsl #16
   80b2c:	12000c03 	and	w3, w0, #0xf
   80b30:	0b040844 	add	w4, w2, w4, lsl #2
   80b34:	52800042 	mov	w2, #0x2                   	// #2
   80b38:	2a0403e0 	mov	w0, w4
   80b3c:	14000111 	b	80f80 <_Z6regSetmjii>

0000000000080b40 <_ZN8MiniUART4initEv>:
   80b40:	a9be7bfd 	stp	x29, x30, [sp, #-32]!
   80b44:	910003fd 	mov	x29, sp
   80b48:	52800021 	mov	w1, #0x1                   	// #1
   80b4c:	a90153f3 	stp	x19, x20, [sp, #16]
   80b50:	d28a0093 	mov	x19, #0x5004                	// #20484
   80b54:	f2bfc433 	movk	x19, #0xfe21, lsl #16
   80b58:	aa1303e0 	mov	x0, x19
   80b5c:	91010273 	add	x19, x19, #0x40
   80b60:	91007274 	add	x20, x19, #0x1c
   80b64:	940000f3 	bl	80f30 <_Z9mmioWritemj>
   80b68:	aa1303e0 	mov	x0, x19
   80b6c:	52800001 	mov	w1, #0x0                   	// #0
   80b70:	940000f0 	bl	80f30 <_Z9mmioWritemj>
   80b74:	aa1403e0 	mov	x0, x20
   80b78:	52800001 	mov	w1, #0x0                   	// #0
   80b7c:	940000ed 	bl	80f30 <_Z9mmioWritemj>
   80b80:	91002260 	add	x0, x19, #0x8
   80b84:	52800061 	mov	w1, #0x3                   	// #3
   80b88:	940000ea 	bl	80f30 <_Z9mmioWritemj>
   80b8c:	91003260 	add	x0, x19, #0xc
   80b90:	52800001 	mov	w1, #0x0                   	// #0
   80b94:	940000e7 	bl	80f30 <_Z9mmioWritemj>
   80b98:	aa1303e0 	mov	x0, x19
   80b9c:	52800001 	mov	w1, #0x0                   	// #0
   80ba0:	940000e4 	bl	80f30 <_Z9mmioWritemj>
   80ba4:	91001260 	add	x0, x19, #0x4
   80ba8:	528018c1 	mov	w1, #0xc6                  	// #198
   80bac:	940000e1 	bl	80f30 <_Z9mmioWritemj>
   80bb0:	91009260 	add	x0, x19, #0x24
   80bb4:	528043a1 	mov	w1, #0x21d                 	// #541
   80bb8:	940000de 	bl	80f30 <_Z9mmioWritemj>
   80bbc:	52800041 	mov	w1, #0x2                   	// #2
   80bc0:	528001c0 	mov	w0, #0xe                   	// #14
   80bc4:	97ffffd7 	bl	80b20 <_Z7pinPullh9GPIO_PULL>
   80bc8:	52800041 	mov	w1, #0x2                   	// #2
   80bcc:	528001c0 	mov	w0, #0xe                   	// #14
   80bd0:	97ffffc4 	bl	80ae0 <_Z7pinModeh9GPIO_MODE>
   80bd4:	52800041 	mov	w1, #0x2                   	// #2
   80bd8:	528001e0 	mov	w0, #0xf                   	// #15
   80bdc:	97ffffd1 	bl	80b20 <_Z7pinPullh9GPIO_PULL>
   80be0:	52800041 	mov	w1, #0x2                   	// #2
   80be4:	528001e0 	mov	w0, #0xf                   	// #15
   80be8:	97ffffbe 	bl	80ae0 <_Z7pinModeh9GPIO_MODE>
   80bec:	aa1403e0 	mov	x0, x20
   80bf0:	a94153f3 	ldp	x19, x20, [sp, #16]
   80bf4:	52800061 	mov	w1, #0x3                   	// #3
   80bf8:	a8c27bfd 	ldp	x29, x30, [sp], #32
   80bfc:	140000cd 	b	80f30 <_Z9mmioWritemj>

0000000000080c00 <_ZN8MiniUART7putCharEc>:
   80c00:	a9be7bfd 	stp	x29, x30, [sp, #-32]!
   80c04:	910003fd 	mov	x29, sp
   80c08:	a90153f3 	stp	x19, x20, [sp, #16]
   80c0c:	d28a0a93 	mov	x19, #0x5054                	// #20564
   80c10:	f2bfc433 	movk	x19, #0xfe21, lsl #16
   80c14:	12001c34 	and	w20, w1, #0xff
   80c18:	aa1303e0 	mov	x0, x19
   80c1c:	940000c9 	bl	80f40 <_Z8mmioReadm>
   80c20:	362fffc0 	tbz	w0, #5, 80c18 <_ZN8MiniUART7putCharEc+0x18>
   80c24:	2a1403e1 	mov	w1, w20
   80c28:	a94153f3 	ldp	x19, x20, [sp, #16]
   80c2c:	d28a0800 	mov	x0, #0x5040                	// #20544
   80c30:	f2bfc420 	movk	x0, #0xfe21, lsl #16
   80c34:	a8c27bfd 	ldp	x29, x30, [sp], #32
   80c38:	140000be 	b	80f30 <_Z9mmioWritemj>
   80c3c:	d503201f 	nop

0000000000080c40 <_ZN8MiniUART5printEPc>:
   80c40:	39400020 	ldrb	w0, [x1]
   80c44:	34000400 	cbz	w0, 80cc4 <_ZN8MiniUART5printEPc+0x84>
   80c48:	a9bd7bfd 	stp	x29, x30, [sp, #-48]!
   80c4c:	910003fd 	mov	x29, sp
   80c50:	a90153f3 	stp	x19, x20, [sp, #16]
   80c54:	d28a0a93 	mov	x19, #0x5054                	// #20564
   80c58:	f2bfc433 	movk	x19, #0xfe21, lsl #16
   80c5c:	aa0103f4 	mov	x20, x1
   80c60:	a9025bf5 	stp	x21, x22, [sp, #32]
   80c64:	d1005276 	sub	x22, x19, #0x14
   80c68:	7100281f 	cmp	w0, #0xa
   80c6c:	540001e0 	b.eq	80ca8 <_ZN8MiniUART5printEPc+0x68>  // b.none
   80c70:	38401695 	ldrb	w21, [x20], #1
   80c74:	d503201f 	nop
   80c78:	aa1303e0 	mov	x0, x19
   80c7c:	940000b1 	bl	80f40 <_Z8mmioReadm>
   80c80:	362fffc0 	tbz	w0, #5, 80c78 <_ZN8MiniUART5printEPc+0x38>
   80c84:	aa1603e0 	mov	x0, x22
   80c88:	2a1503e1 	mov	w1, w21
   80c8c:	940000a9 	bl	80f30 <_Z9mmioWritemj>
   80c90:	39400280 	ldrb	w0, [x20]
   80c94:	35fffea0 	cbnz	w0, 80c68 <_ZN8MiniUART5printEPc+0x28>
   80c98:	a94153f3 	ldp	x19, x20, [sp, #16]
   80c9c:	a9425bf5 	ldp	x21, x22, [sp, #32]
   80ca0:	a8c37bfd 	ldp	x29, x30, [sp], #48
   80ca4:	d65f03c0 	ret
   80ca8:	aa1303e0 	mov	x0, x19
   80cac:	940000a5 	bl	80f40 <_Z8mmioReadm>
   80cb0:	362fffc0 	tbz	w0, #5, 80ca8 <_ZN8MiniUART5printEPc+0x68>
   80cb4:	528001a1 	mov	w1, #0xd                   	// #13
   80cb8:	aa1603e0 	mov	x0, x22
   80cbc:	9400009d 	bl	80f30 <_Z9mmioWritemj>
   80cc0:	17ffffec 	b	80c70 <_ZN8MiniUART5printEPc+0x30>
   80cc4:	d65f03c0 	ret
   80cc8:	d503201f 	nop
   80ccc:	d503201f 	nop

0000000000080cd0 <_ZN8MiniUART7printlnEPc>:
   80cd0:	a9be7bfd 	stp	x29, x30, [sp, #-32]!
   80cd4:	910003fd 	mov	x29, sp
   80cd8:	f9000bf3 	str	x19, [sp, #16]
   80cdc:	d28a0a93 	mov	x19, #0x5054                	// #20564
   80ce0:	f2bfc433 	movk	x19, #0xfe21, lsl #16
   80ce4:	97ffffd7 	bl	80c40 <_ZN8MiniUART5printEPc>
   80ce8:	aa1303e0 	mov	x0, x19
   80cec:	94000095 	bl	80f40 <_Z8mmioReadm>
   80cf0:	362fffc0 	tbz	w0, #5, 80ce8 <_ZN8MiniUART7printlnEPc+0x18>
   80cf4:	f9400bf3 	ldr	x19, [sp, #16]
   80cf8:	d28a0800 	mov	x0, #0x5040                	// #20544
   80cfc:	f2bfc420 	movk	x0, #0xfe21, lsl #16
   80d00:	a8c27bfd 	ldp	x29, x30, [sp], #32
   80d04:	52800141 	mov	w1, #0xa                   	// #10
   80d08:	1400008a 	b	80f30 <_Z9mmioWritemj>
   80d0c:	d503201f 	nop

0000000000080d10 <_ZN8MiniUART8readCharEv>:
   80d10:	a9be7bfd 	stp	x29, x30, [sp, #-32]!
   80d14:	910003fd 	mov	x29, sp
   80d18:	f9000bf3 	str	x19, [sp, #16]
   80d1c:	d28a0a93 	mov	x19, #0x5054                	// #20564
   80d20:	f2bfc433 	movk	x19, #0xfe21, lsl #16
   80d24:	d503201f 	nop
   80d28:	aa1303e0 	mov	x0, x19
   80d2c:	94000085 	bl	80f40 <_Z8mmioReadm>
   80d30:	3607ffc0 	tbz	w0, #0, 80d28 <_ZN8MiniUART8readCharEv+0x18>
   80d34:	d28a0800 	mov	x0, #0x5040                	// #20544
   80d38:	f2bfc420 	movk	x0, #0xfe21, lsl #16
   80d3c:	94000081 	bl	80f40 <_Z8mmioReadm>
   80d40:	f9400bf3 	ldr	x19, [sp, #16]
   80d44:	a8c27bfd 	ldp	x29, x30, [sp], #32
   80d48:	d65f03c0 	ret
   80d4c:	d503201f 	nop

0000000000080d50 <_ZN8MiniUART15isReadByteReadyEv>:
   80d50:	a9bf7bfd 	stp	x29, x30, [sp, #-16]!
   80d54:	d28a0a80 	mov	x0, #0x5054                	// #20564
   80d58:	f2bfc420 	movk	x0, #0xfe21, lsl #16
   80d5c:	910003fd 	mov	x29, sp
   80d60:	94000078 	bl	80f40 <_Z8mmioReadm>
   80d64:	12000000 	and	w0, w0, #0x1
   80d68:	a8c17bfd 	ldp	x29, x30, [sp], #16
   80d6c:	d65f03c0 	ret

0000000000080d70 <_ZN8MiniUART16isWriteByteReadyEv>:
   80d70:	a9bf7bfd 	stp	x29, x30, [sp, #-16]!
   80d74:	d28a0a80 	mov	x0, #0x5054                	// #20564
   80d78:	f2bfc420 	movk	x0, #0xfe21, lsl #16
   80d7c:	910003fd 	mov	x29, sp
   80d80:	94000070 	bl	80f40 <_Z8mmioReadm>
   80d84:	121b0000 	and	w0, w0, #0x20
   80d88:	a8c17bfd 	ldp	x29, x30, [sp], #16
   80d8c:	d65f03c0 	ret

0000000000080d90 <_ZN8MiniUARTlsEPc>:
   80d90:	a9be7bfd 	stp	x29, x30, [sp, #-32]!
   80d94:	910003fd 	mov	x29, sp
   80d98:	f9000bf3 	str	x19, [sp, #16]
   80d9c:	aa0003f3 	mov	x19, x0
   80da0:	97ffffa8 	bl	80c40 <_ZN8MiniUART5printEPc>
   80da4:	aa1303e0 	mov	x0, x19
   80da8:	f9400bf3 	ldr	x19, [sp, #16]
   80dac:	a8c27bfd 	ldp	x29, x30, [sp], #32
   80db0:	d65f03c0 	ret
   80db4:	d503201f 	nop
   80db8:	d503201f 	nop
   80dbc:	d503201f 	nop

0000000000080dc0 <_ZN8MiniUART18isOutputQueueEmptyEv>:
   80dc0:	90004400 	adrp	x0, 900000 <__text_end+0x87f054>
   80dc4:	910b0001 	add	x1, x0, #0x2c0
   80dc8:	b9400421 	ldr	w1, [x1, #4]
   80dcc:	b942c000 	ldr	w0, [x0, #704]
   80dd0:	6b01001f 	cmp	w0, w1
   80dd4:	1a9f17e0 	cset	w0, eq	// eq = none
   80dd8:	d65f03c0 	ret
   80ddc:	d503201f 	nop

0000000000080de0 <_ZN8MiniUART15loadOutputQueueEv>:
   80de0:	a9bc7bfd 	stp	x29, x30, [sp, #-64]!
   80de4:	910003fd 	mov	x29, sp
   80de8:	a90153f3 	stp	x19, x20, [sp, #16]
   80dec:	90004400 	adrp	x0, 900000 <__text_end+0x87f054>
   80df0:	910b0014 	add	x20, x0, #0x2c0
   80df4:	b9400681 	ldr	w1, [x20, #4]
   80df8:	b942c000 	ldr	w0, [x0, #704]
   80dfc:	6b01001f 	cmp	w0, w1
   80e00:	54000380 	b.eq	80e70 <_ZN8MiniUART15loadOutputQueueEv+0x90>  // b.none
   80e04:	d28a0a93 	mov	x19, #0x5054                	// #20564
   80e08:	f2bfc433 	movk	x19, #0xfe21, lsl #16
   80e0c:	a9025bf5 	stp	x21, x22, [sp, #32]
   80e10:	90004415 	adrp	x21, 900000 <__text_end+0x87f054>
   80e14:	910b42b5 	add	x21, x21, #0x2d0
   80e18:	d1005276 	sub	x22, x19, #0x14
   80e1c:	f9001bf7 	str	x23, [sp, #48]
   80e20:	aa1303e0 	mov	x0, x19
   80e24:	94000047 	bl	80f40 <_Z8mmioReadm>
   80e28:	36280200 	tbz	w0, #5, 80e68 <_ZN8MiniUART15loadOutputQueueEv+0x88>
   80e2c:	b9400280 	ldr	w0, [x20]
   80e30:	38606ab7 	ldrb	w23, [x21, x0]
   80e34:	d503201f 	nop
   80e38:	aa1303e0 	mov	x0, x19
   80e3c:	94000041 	bl	80f40 <_Z8mmioReadm>
   80e40:	362fffc0 	tbz	w0, #5, 80e38 <_ZN8MiniUART15loadOutputQueueEv+0x58>
   80e44:	2a1703e1 	mov	w1, w23
   80e48:	aa1603e0 	mov	x0, x22
   80e4c:	94000039 	bl	80f30 <_Z9mmioWritemj>
   80e50:	29400680 	ldp	w0, w1, [x20]
   80e54:	11000400 	add	w0, w0, #0x1
   80e58:	12003400 	and	w0, w0, #0x3fff
   80e5c:	6b01001f 	cmp	w0, w1
   80e60:	b9000280 	str	w0, [x20]
   80e64:	54fffde1 	b.ne	80e20 <_ZN8MiniUART15loadOutputQueueEv+0x40>  // b.any
   80e68:	a9425bf5 	ldp	x21, x22, [sp, #32]
   80e6c:	f9401bf7 	ldr	x23, [sp, #48]
   80e70:	a94153f3 	ldp	x19, x20, [sp, #16]
   80e74:	a8c47bfd 	ldp	x29, x30, [sp], #64
   80e78:	d65f03c0 	ret
   80e7c:	d503201f 	nop

0000000000080e80 <_ZN8MiniUART6updateEv>:
   80e80:	a9be7bfd 	stp	x29, x30, [sp, #-32]!
   80e84:	910003fd 	mov	x29, sp
   80e88:	97ffffd6 	bl	80de0 <_ZN8MiniUART15loadOutputQueueEv>
   80e8c:	d28a0a80 	mov	x0, #0x5054                	// #20564
   80e90:	f2bfc420 	movk	x0, #0xfe21, lsl #16
   80e94:	9400002b 	bl	80f40 <_Z8mmioReadm>
   80e98:	37000060 	tbnz	w0, #0, 80ea4 <_ZN8MiniUART6updateEv+0x24>
   80e9c:	a8c27bfd 	ldp	x29, x30, [sp], #32
   80ea0:	d65f03c0 	ret
   80ea4:	a90153f3 	stp	x19, x20, [sp, #16]
   80ea8:	d28a0a93 	mov	x19, #0x5054                	// #20564
   80eac:	f2bfc433 	movk	x19, #0xfe21, lsl #16
   80eb0:	aa1303e0 	mov	x0, x19
   80eb4:	94000023 	bl	80f40 <_Z8mmioReadm>
   80eb8:	3607ffc0 	tbz	w0, #0, 80eb0 <_ZN8MiniUART6updateEv+0x30>
   80ebc:	d28a0800 	mov	x0, #0x5040                	// #20544
   80ec0:	f2bfc420 	movk	x0, #0xfe21, lsl #16
   80ec4:	9400001f 	bl	80f40 <_Z8mmioReadm>
   80ec8:	2a0003f4 	mov	w20, w0
   80ecc:	12001c00 	and	w0, w0, #0xff
   80ed0:	7100341f 	cmp	w0, #0xd
   80ed4:	d28a0a93 	mov	x19, #0x5054                	// #20564
   80ed8:	f2bfc433 	movk	x19, #0xfe21, lsl #16
   80edc:	54000140 	b.eq	80f04 <_ZN8MiniUART6updateEv+0x84>  // b.none
   80ee0:	aa1303e0 	mov	x0, x19
   80ee4:	94000017 	bl	80f40 <_Z8mmioReadm>
   80ee8:	362fffc0 	tbz	w0, #5, 80ee0 <_ZN8MiniUART6updateEv+0x60>
   80eec:	12001e81 	and	w1, w20, #0xff
   80ef0:	a94153f3 	ldp	x19, x20, [sp, #16]
   80ef4:	d28a0800 	mov	x0, #0x5040                	// #20544
   80ef8:	f2bfc420 	movk	x0, #0xfe21, lsl #16
   80efc:	a8c27bfd 	ldp	x29, x30, [sp], #32
   80f00:	1400000c 	b	80f30 <_Z9mmioWritemj>
   80f04:	aa1303e0 	mov	x0, x19
   80f08:	9400000e 	bl	80f40 <_Z8mmioReadm>
   80f0c:	362fffc0 	tbz	w0, #5, 80f04 <_ZN8MiniUART6updateEv+0x84>
   80f10:	a94153f3 	ldp	x19, x20, [sp, #16]
   80f14:	d28a0800 	mov	x0, #0x5040                	// #20544
   80f18:	f2bfc420 	movk	x0, #0xfe21, lsl #16
   80f1c:	52800141 	mov	w1, #0xa                   	// #10
   80f20:	a8c27bfd 	ldp	x29, x30, [sp], #32
   80f24:	14000003 	b	80f30 <_Z9mmioWritemj>
	...

0000000000080f30 <_Z9mmioWritemj>:
   80f30:	b9000001 	str	w1, [x0]
   80f34:	d65f03c0 	ret
   80f38:	d503201f 	nop
   80f3c:	d503201f 	nop

0000000000080f40 <_Z8mmioReadm>:
   80f40:	b9400000 	ldr	w0, [x0]
   80f44:	d65f03c0 	ret
   80f48:	d503201f 	nop
   80f4c:	d503201f 	nop

0000000000080f50 <_Z7setMaskjjii>:
   80f50:	52800024 	mov	w4, #0x1                   	// #1
   80f54:	1ac22084 	lsl	w4, w4, w2
   80f58:	1b037c42 	mul	w2, w2, w3
   80f5c:	51000484 	sub	w4, w4, #0x1
   80f60:	1ac32084 	lsl	w4, w4, w3
   80f64:	0a240004 	bic	w4, w0, w4
   80f68:	1ac22020 	lsl	w0, w1, w2
   80f6c:	2a040000 	orr	w0, w0, w4
   80f70:	d65f03c0 	ret
   80f74:	d503201f 	nop
   80f78:	d503201f 	nop
   80f7c:	d503201f 	nop

0000000000080f80 <_Z6regSetmjii>:
   80f80:	b9400005 	ldr	w5, [x0]
   80f84:	52800024 	mov	w4, #0x1                   	// #1
   80f88:	1b037c46 	mul	w6, w2, w3
   80f8c:	1ac22084 	lsl	w4, w4, w2
   80f90:	51000484 	sub	w4, w4, #0x1
   80f94:	1ac32083 	lsl	w3, w4, w3
   80f98:	1ac62021 	lsl	w1, w1, w6
   80f9c:	0a2300a3 	bic	w3, w5, w3
   80fa0:	2a030021 	orr	w1, w1, w3
   80fa4:	b9000001 	str	w1, [x0]
   80fa8:	d65f03c0 	ret

Disassembly of section .rodata:

0000000000900000 <__exidx_end-0xe>:
  900000:	6c6c6548 	ldnp	d8, d25, [x10, #-320]
  900004:	6f57206f 	umlal2	v15.4s, v3.8h, v7.h[1]
  900008:	21646c72 	.inst	0x21646c72 ; undefined
  90000c:	Address 0x90000c is out of bounds.


Disassembly of section .eh_frame:

0000000000900010 <.eh_frame>:
  900010:	00000010 	udf	#16
  900014:	00000000 	udf	#0
  900018:	00527a01 	.inst	0x00527a01 ; undefined
  90001c:	011e7804 	.inst	0x011e7804 ; undefined
  900020:	001f0c1b 	.inst	0x001f0c1b ; undefined
  900024:	00000018 	udf	#24
  900028:	00000018 	udf	#24
  90002c:	ff7809c4 	.inst	0xff7809c4 ; undefined
  900030:	00000044 	udf	#68
  900034:	200e4100 	.inst	0x200e4100 ; undefined
  900038:	039e049d 	.inst	0x039e049d ; undefined
  90003c:	00000000 	udf	#0
  900040:	00000010 	udf	#16
  900044:	00000034 	udf	#52
  900048:	ff7809f8 	.inst	0xff7809f8 ; undefined
  90004c:	00000028 	udf	#40
  900050:	00000000 	udf	#0
  900054:	00000010 	udf	#16
  900058:	00000048 	udf	#72
  90005c:	ff780a14 	.inst	0xff780a14 ; undefined
  900060:	00000028 	udf	#40
  900064:	00000000 	udf	#0
  900068:	00000020 	udf	#32
  90006c:	0000005c 	udf	#92
  900070:	ff780a30 	.inst	0xff780a30 ; undefined
  900074:	00000040 	udf	#64
  900078:	200e4100 	.inst	0x200e4100 ; undefined
  90007c:	039e049d 	.inst	0x039e049d ; undefined
  900080:	4c029342 	.inst	0x4c029342 ; undefined
  900084:	0ed3ddde 	.inst	0x0ed3ddde ; undefined
  900088:	00000000 	udf	#0
  90008c:	00000010 	udf	#16
  900090:	00000080 	udf	#128
  900094:	ff780a4c 	.inst	0xff780a4c ; undefined
  900098:	00000034 	udf	#52
  90009c:	00000000 	udf	#0
  9000a0:	00000014 	udf	#20
  9000a4:	00000094 	udf	#148
  9000a8:	ff780a78 	.inst	0xff780a78 ; undefined
  9000ac:	00000020 	udf	#32
	...
  9000b8:	00000020 	udf	#32
  9000bc:	000000ac 	udf	#172
  9000c0:	ff780a80 	.inst	0xff780a80 ; undefined
  9000c4:	000000c0 	udf	#192
  9000c8:	200e4100 	.inst	0x200e4100 ; undefined
  9000cc:	039e049d 	.inst	0x039e049d ; undefined
  9000d0:	94029343 	bl	9a4ddc <__bss_end+0xa0b0c>
  9000d4:	ddde6b01 	.inst	0xddde6b01 ; undefined
  9000d8:	000ed4d3 	.inst	0x000ed4d3 ; undefined
  9000dc:	00000020 	udf	#32
  9000e0:	000000d0 	udf	#208
  9000e4:	ff780b1c 	.inst	0xff780b1c ; undefined
  9000e8:	0000003c 	udf	#60
  9000ec:	200e4100 	.inst	0x200e4100 ; undefined
  9000f0:	039e049d 	.inst	0x039e049d ; undefined
  9000f4:	94029342 	bl	9a4dfc <__bss_end+0xa0b2c>
  9000f8:	ddde4b01 	.inst	0xddde4b01 ; undefined
  9000fc:	000ed4d3 	.inst	0x000ed4d3 ; undefined
  900100:	00000034 	udf	#52
  900104:	000000f4 	udf	#244
  900108:	ff780b38 	.inst	0xff780b38 ; undefined
  90010c:	00000088 	udf	#136
  900110:	300e4300 	adr	x0, 91c971 <__bss_end+0x186a1>
  900114:	059e069d 	mov	z29.s, p14/z, #52
  900118:	94049342 	bl	a24e20 <__bss_end+0x120b50>
  90011c:	02954403 	.inst	0x02954403 ; undefined
  900120:	0a500196 	and	w22, w12, w16, lsr #0
  900124:	d6d5ddde 	.inst	0xd6d5ddde ; undefined
  900128:	000ed4d3 	.inst	0x000ed4d3 ; undefined
  90012c:	0e470b41 	.inst	0x0e470b41 ; undefined
  900130:	d5d4d300 	.inst	0xd5d4d300 ; undefined
  900134:	00deddd6 	.inst	0x00deddd6 ; undefined
  900138:	00000020 	udf	#32
  90013c:	0000012c 	udf	#300
  900140:	ff780b90 	.inst	0xff780b90 ; undefined
  900144:	0000003c 	udf	#60
  900148:	200e4100 	.inst	0x200e4100 ; undefined
  90014c:	039e049d 	.inst	0x039e049d ; undefined
  900150:	4a029342 	.inst	0x4a029342 ; undefined
  900154:	0ed3ddde 	.inst	0x0ed3ddde ; undefined
  900158:	00000000 	udf	#0
  90015c:	00000020 	udf	#32
  900160:	00000150 	udf	#336
  900164:	ff780bac 	.inst	0xff780bac ; undefined
  900168:	0000003c 	udf	#60
  90016c:	200e4100 	.inst	0x200e4100 ; undefined
  900170:	039e049d 	.inst	0x039e049d ; undefined
  900174:	4b029342 	.inst	0x4b029342 ; undefined
  900178:	0ed3ddde 	.inst	0x0ed3ddde ; undefined
  90017c:	00000000 	udf	#0
  900180:	0000001c 	udf	#28
  900184:	00000174 	udf	#372
  900188:	ff780bc8 	.inst	0xff780bc8 ; undefined
  90018c:	00000020 	udf	#32
  900190:	100e4100 	adr	x0, 91c9b0 <__bss_end+0x186e0>
  900194:	019e029d 	.inst	0x019e029d ; undefined
  900198:	0eddde46 	.inst	0x0eddde46 ; undefined
  90019c:	00000000 	udf	#0
  9001a0:	0000001c 	udf	#28
  9001a4:	00000194 	udf	#404
  9001a8:	ff780bc8 	.inst	0xff780bc8 ; undefined
  9001ac:	00000020 	udf	#32
  9001b0:	100e4100 	adr	x0, 91c9d0 <__bss_end+0x18700>
  9001b4:	019e029d 	.inst	0x019e029d ; undefined
  9001b8:	0eddde46 	.inst	0x0eddde46 ; undefined
  9001bc:	00000000 	udf	#0
  9001c0:	00000020 	udf	#32
  9001c4:	000001b4 	udf	#436
  9001c8:	ff780bc8 	.inst	0xff780bc8 ; undefined
  9001cc:	00000024 	udf	#36
  9001d0:	200e4100 	.inst	0x200e4100 ; undefined
  9001d4:	039e049d 	.inst	0x039e049d ; undefined
  9001d8:	45029342 	eorbt	z2.b, z26.b, z2.b
  9001dc:	0ed3ddde 	.inst	0x0ed3ddde ; undefined
  9001e0:	00000000 	udf	#0
  9001e4:	00000010 	udf	#16
  9001e8:	000001d8 	udf	#472
  9001ec:	ff780bd4 	.inst	0xff780bd4 ; undefined
  9001f0:	0000001c 	udf	#28
  9001f4:	00000000 	udf	#0
  9001f8:	00000030 	udf	#48
  9001fc:	000001ec 	udf	#492
  900200:	ff780be0 	.inst	0xff780be0 ; undefined
  900204:	0000009c 	udf	#156
  900208:	400e4100 	.inst	0x400e4100 ; undefined
  90020c:	079e089d 	.inst	0x079e089d ; undefined
  900210:	94069343 	bl	aa4f1c <__bss_end+0x1a0c4c>
  900214:	03964805 	.inst	0x03964805 ; undefined
  900218:	97440495 	bl	fffffffffda0146c <__bss_end+0xfffffffffd0fd19c>
  90021c:	d5d65302 	.inst	0xd5d65302 ; undefined
  900220:	de42d741 	.inst	0xde42d741 ; undefined
  900224:	0ed4d3dd 	.inst	0x0ed4d3dd ; undefined
  900228:	00000000 	udf	#0
  90022c:	00000038 	udf	#56
  900230:	00000220 	udf	#544
  900234:	ff780c4c 	.inst	0xff780c4c ; undefined
  900238:	000000a8 	udf	#168
  90023c:	200e4100 	.inst	0x200e4100 ; undefined
  900240:	039e049d 	.inst	0x039e049d ; undefined
  900244:	ddde0a47 	.inst	0xddde0a47 ; undefined
  900248:	0b41000e 	add	w14, w0, w1, lsr #0
  90024c:	93019441 	.inst	0x93019441 ; undefined
  900250:	d40a5302 	hvc	#0x5298
  900254:	ddde43d3 	.inst	0xddde43d3 ; undefined
  900258:	0b41000e 	add	w14, w0, w1, lsr #0
  90025c:	44d3d444 	.inst	0x44d3d444 ; undefined
  900260:	000eddde 	.inst	0x000eddde ; undefined
  900264:	00000000 	udf	#0
  900268:	00000010 	udf	#16
  90026c:	0000025c 	udf	#604
  900270:	ff780cc0 	.inst	0xff780cc0 ; undefined
  900274:	00000008 	udf	#8
  900278:	00000000 	udf	#0
  90027c:	00000010 	udf	#16
  900280:	00000270 	udf	#624
  900284:	ff780cbc 	.inst	0xff780cbc ; undefined
  900288:	00000008 	udf	#8
  90028c:	00000000 	udf	#0
  900290:	00000010 	udf	#16
  900294:	00000284 	udf	#644
  900298:	ff780cb8 	.inst	0xff780cb8 ; undefined
  90029c:	00000024 	udf	#36
  9002a0:	00000000 	udf	#0
  9002a4:	00000010 	udf	#16
  9002a8:	00000298 	udf	#664
  9002ac:	ff780cd4 	.inst	0xff780cd4 ; undefined
  9002b0:	0000002c 	udf	#44
  9002b4:	00000000 	udf	#0

Disassembly of section .debug_line:

0000000000000000 <.debug_line>:
   0:	000000c5 	udf	#197
   4:	00080005 	.inst	0x00080005 ; undefined
   8:	0000002e 	udf	#46
   c:	fb010104 	.inst	0xfb010104 ; undefined
  10:	01000d0e 	.inst	0x01000d0e ; undefined
  14:	00010101 	.inst	0x00010101 ; undefined
  18:	00010000 	.inst	0x00010000 ; undefined
  1c:	01010100 	.inst	0x01010100 ; undefined
  20:	0000021f 	udf	#543
  24:	00310000 	.inst	0x00310000 ; NYI
  28:	01020000 	.inst	0x01020000 ; undefined
  2c:	020f021f 	.inst	0x020f021f ; undefined
  30:	00000035 	udf	#53
  34:	00003501 	udf	#13569
  38:	09000100 	.inst	0x09000100 ; undefined
  3c:	08010002 	stxrb	w1, w2, [x0]
  40:	00000000 	udf	#0
  44:	01300300 	.inst	0x01300300 ; undefined
  48:	e508e508 	.inst	0xe508e508 ; undefined
  4c:	e708e508 	.inst	0xe708e508 ; undefined
  50:	e508e508 	.inst	0xe508e508 ; undefined
  54:	e708e508 	.inst	0xe708e508 ; undefined
  58:	e508e508 	.inst	0xe508e508 ; undefined
  5c:	e708e508 	.inst	0xe708e508 ; undefined
  60:	e508e508 	.inst	0xe508e508 ; undefined
  64:	2125e508 	.inst	0x2125e508 ; undefined
  68:	21222721 	.inst	0x21222721 ; undefined
  6c:	14032121 	b	c84f0 <__text_end+0x47544>
  70:	21212120 	.inst	0x21212120 ; undefined
  74:	21212121 	.inst	0x21212121 ; undefined
  78:	21212121 	.inst	0x21212121 ; undefined
  7c:	22212121 	.inst	0x22212121 ; undefined
  80:	21222221 	.inst	0x21222221 ; undefined
  84:	21212121 	.inst	0x21212121 ; undefined
  88:	21212121 	.inst	0x21212121 ; undefined
  8c:	21212121 	.inst	0x21212121 ; undefined
  90:	20140321 	.inst	0x20140321 ; undefined
  94:	22212121 	.inst	0x22212121 ; undefined
  98:	20190322 	.inst	0x20190322 ; undefined
  9c:	21212121 	.inst	0x21212121 ; undefined
  a0:	21212121 	.inst	0x21212121 ; undefined
  a4:	21212121 	.inst	0x21212121 ; undefined
  a8:	03212121 	.inst	0x03212121 ; undefined
  ac:	21212009 	.inst	0x21212009 ; undefined
  b0:	21212121 	.inst	0x21212121 ; undefined
  b4:	21212121 	.inst	0x21212121 ; undefined
  b8:	21212121 	.inst	0x21212121 ; undefined
  bc:	20140321 	.inst	0x20140321 ; undefined
  c0:	21212122 	.inst	0x21212122 ; undefined
  c4:	01000802 	.inst	0x01000802 ; undefined
  c8:	Address 0xc8 is out of bounds.


Disassembly of section .debug_line_str:

0000000000000000 <.debug_line_str>:
   0:	6d6f682f 	ldp	d15, d26, [x1, #-272]
   4:	697a2f65 	ldpsw	x5, x11, [x27, #-48]
   8:	2f78746c 	.inst	0x2f78746c ; undefined
   c:	61746144 	.inst	0x61746144 ; undefined
  10:	6f72502f 	fcmla	v15.8h, v1.8h, v18.h[1], #180
  14:	6d617267 	ldp	d7, d28, [x19, #-496]
  18:	676e696d 	.inst	0x676e696d ; undefined
  1c:	7469472f 	.inst	0x7469472f ; undefined
  20:	2f627568 	.inst	0x2f627568 ; undefined
  24:	61727453 	.inst	0x61727453 ; undefined
  28:	72656277 	.inst	0x72656277 ; undefined
  2c:	534f7972 	.inst	0x534f7972 ; undefined
  30:	62696c00 	.inst	0x62696c00 ; undefined
  34:	63657600 	.inst	0x63657600 ; undefined
  38:	2e726f74 	umin	v20.4h, v27.4h, v18.4h
  3c:	Address 0x3c is out of bounds.


Disassembly of section .debug_info:

0000000000000000 <.debug_info>:
   0:	00000025 	udf	#37
   4:	08010005 	stxrb	w1, w5, [x0]
   8:	00000000 	udf	#0
   c:	00000001 	udf	#1
  10:	08010000 	stxrb	w1, w0, [x0]
  14:	00000000 	udf	#0
  18:	0011f000 	.inst	0x0011f000 ; undefined
  1c:	0d000000 	st1	{v0.b}[0], [x0]
  20:	3e000000 	.inst	0x3e000000 ; undefined
  24:	01000000 	.inst	0x01000000 ; undefined
  28:	Address 0x28 is out of bounds.


Disassembly of section .debug_abbrev:

0000000000000000 <.debug_abbrev>:
   0:	10001101 	adr	x1, 220 <_start-0x7fde0>
   4:	12011117 	and	w23, w8, #0x8000000f
   8:	1b0e030f 	madd	w15, w24, w14, w0
   c:	130e250e 	sbfiz	w14, w8, #18, #10
  10:	00000005 	udf	#5

Disassembly of section .debug_aranges:

0000000000000000 <.debug_aranges>:
   0:	0000002c 	udf	#44
   4:	00000002 	udf	#2
   8:	00080000 	.inst	0x00080000 ; undefined
   c:	00000000 	udf	#0
  10:	00080100 	.inst	0x00080100 ; undefined
  14:	00000000 	udf	#0
  18:	000008f0 	udf	#2288
	...

Disassembly of section .debug_str:

0000000000000000 <.debug_str>:
   0:	2f62696c 	umlsl	v12.4s, v11.4h, v2.h[6]
   4:	74636576 	.inst	0x74636576 ; undefined
   8:	532e726f 	.inst	0x532e726f ; undefined
   c:	6f682f00 	.inst	0x6f682f00 ; undefined
  10:	7a2f656d 	.inst	0x7a2f656d ; undefined
  14:	78746c69 	.inst	0x78746c69 ; undefined
  18:	7461442f 	.inst	0x7461442f ; undefined
  1c:	72502f61 	.inst	0x72502f61 ; undefined
  20:	6172676f 	.inst	0x6172676f ; undefined
  24:	6e696d6d 	umin	v13.8h, v11.8h, v9.8h
  28:	69472f67 	ldpsw	x7, x11, [x27, #56]
  2c:	62756874 	.inst	0x62756874 ; undefined
  30:	7274532f 	.inst	0x7274532f ; undefined
  34:	65627761 	fnmls	z1.h, p5/m, z27.h, z2.h
  38:	4f797272 	sqdmlsl2	v18.4s, v19.8h, v9.h[3]
  3c:	4e470053 	.inst	0x4e470053 ; undefined
  40:	53412055 	.inst	0x53412055 ; undefined
  44:	342e3220 	cbz	w0, 5c688 <_start-0x23978>
  48:	Address 0x48 is out of bounds.

