
boot/armstub/armstub8.elf:     file format elf64-littleaarch64


Disassembly of section .text:

0000000000000000 <_start>:
   0:	d2a80000 	mov	x0, #0x40000000            	// #1073741824
   4:	b900001f 	str	wzr, [x0]
   8:	52b00001 	mov	w1, #0x80000000            	// #-2147483648
   c:	b9000801 	str	w1, [x0, #8]
  10:	d539b040 	mrs	x0, s3_1_c11_c0_2
  14:	d2800441 	mov	x1, #0x22                  	// #34
  18:	aa010000 	orr	x0, x0, x1
  1c:	d519b040 	msr	s3_1_c11_c0_2, x0
  20:	58000440 	ldr	x0, a8 <boot_kernel+0x10>
  24:	d51be000 	msr	cntfrq_el0, x0
  28:	d51ce07f 	msr	cntvoff_el2, xzr
  2c:	d2867fe0 	mov	x0, #0x33ff                	// #13311
  30:	d51e1140 	msr	cptr_el3, x0
  34:	d280b620 	mov	x0, #0x5b1                 	// #1457
  38:	d51e1100 	msr	scr_el3, x0
  3c:	d2a000e0 	mov	x0, #0x70000               	// #458752
  40:	d51ec000 	msr	vbar_el3, x0
  44:	9100001f 	mov	sp, x0
  48:	d2800800 	mov	x0, #0x40                  	// #64
  4c:	d519f220 	msr	s3_1_c15_c2_1, x0
  50:	58000300 	ldr	x0, b0 <boot_kernel+0x18>
  54:	d51c1000 	msr	sctlr_el2, x0
  58:	d2807920 	mov	x0, #0x3c9                 	// #969
  5c:	d51e4000 	msr	spsr_el3, x0
  60:	10000060 	adr	x0, 6c <in_el2>
  64:	d51e4020 	msr	elr_el3, x0
  68:	d69f03e0 	eret

000000000000006c <in_el2>:
  6c:	d53800a6 	mrs	x6, mpidr_el1
  70:	924004c6 	and	x6, x6, #0x3
  74:	b40000e6 	cbz	x6, 90 <primary_cpu>
  78:	10000305 	adr	x5, d8 <spin_cpu0>

000000000000007c <secondary_spin>:
  7c:	d503205f 	wfe
  80:	f86678a4 	ldr	x4, [x5, x6, lsl #3]
  84:	b4ffffc4 	cbz	x4, 7c <secondary_spin>
  88:	d2800000 	mov	x0, #0x0                   	// #0
  8c:	14000003 	b	98 <boot_kernel>

0000000000000090 <primary_cpu>:
  90:	18000364 	ldr	w4, fc <kernel_entry32>
  94:	18000320 	ldr	w0, f8 <dtb_ptr32>

0000000000000098 <boot_kernel>:
  98:	d2800001 	mov	x1, #0x0                   	// #0
  9c:	d2800002 	mov	x2, #0x0                   	// #0
  a0:	d2800003 	mov	x3, #0x0                   	// #0
  a4:	d61f0080 	br	x4
  a8:	0124f800 	.inst	0x0124f800 ; undefined
  ac:	00000000 	udf	#0
  b0:	30c50830 	adr	x16, fffffffffff8a1b5 <_stack+0xfffffffffff0a1b5>
	...

00000000000000d8 <spin_cpu0>:
	...

00000000000000e0 <spin_cpu1>:
	...

00000000000000e8 <spin_cpu2>:
	...

00000000000000f0 <spin_cpu3>:
  f0:	5afe570b 	.inst	0x5afe570b ; undefined

00000000000000f4 <stub_version>:
  f4:	00000000 	udf	#0

00000000000000f8 <dtb_ptr32>:
  f8:	00000000 	udf	#0

00000000000000fc <kernel_entry32>:
  fc:	00000000 	udf	#0

Disassembly of section .debug_aranges:

0000000000000000 <.debug_aranges>:
   0:	0000002c 	udf	#44
   4:	00000002 	udf	#2
   8:	00080000 	.inst	0x00080000 ; undefined
	...
  18:	00000100 	udf	#256
	...

Disassembly of section .debug_info:

0000000000000000 <.debug_info>:
   0:	00000025 	udf	#37
   4:	08010005 	stxrb	w1, w5, [x0]
   8:	00000000 	udf	#0
   c:	00000001 	udf	#1
	...
  18:	00028000 	.inst	0x00028000 ; undefined
  1c:	18000000 	ldr	w0, 1c <_start+0x1c>
  20:	49000000 	.inst	0x49000000 ; undefined
  24:	01000000 	.inst	0x01000000 ; undefined
  28:	Address 0x28 is out of bounds.


Disassembly of section .debug_abbrev:

0000000000000000 <.debug_abbrev>:
   0:	10001101 	adr	x1, 220 <dtb_space+0x120>
   4:	12011117 	and	w23, w8, #0x8000000f
   8:	1b0e030f 	madd	w15, w24, w14, w0
   c:	130e250e 	sbfiz	w14, w8, #18, #10
  10:	00000005 	udf	#5

Disassembly of section .debug_line:

0000000000000000 <.debug_line>:
   0:	00000075 	udf	#117
   4:	00080005 	.inst	0x00080005 ; undefined
   8:	0000002e 	udf	#46
   c:	fb010104 	.inst	0xfb010104 ; undefined
  10:	01000d0e 	.inst	0x01000d0e ; undefined
  14:	00010101 	.inst	0x00010101 ; undefined
  18:	00010000 	.inst	0x00010000 ; undefined
  1c:	01010100 	.inst	0x01010100 ; undefined
  20:	0000021f 	udf	#543
  24:	00310000 	.inst	0x00310000 ; NYI
  28:	01020000 	.inst	0x01020000 ; undefined
  2c:	020f021f 	.inst	0x020f021f ; undefined
  30:	0000003e 	udf	#62
  34:	00003e01 	udf	#15873
  38:	09000100 	.inst	0x09000100 ; undefined
  3c:	00000002 	udf	#2
  40:	00000000 	udf	#0
  44:	00d60300 	.inst	0x00d60300 ; undefined
  48:	21222101 	.inst	0x21222101 ; undefined
  4c:	21212123 	.inst	0x21212123 ; undefined
  50:	24232123 	cmplo	p3.b, p0/z, z9.b, #12
  54:	23212321 	.inst	0x23212321 ; undefined
  58:	21232121 	.inst	0x21232121 ; undefined
  5c:	21200a03 	.inst	0x21200a03 ; undefined
  60:	21212123 	.inst	0x21212123 ; undefined
  64:	21212321 	.inst	0x21212321 ; undefined
  68:	21212222 	.inst	0x21212222 ; undefined
  6c:	21232121 	.inst	0x21232121 ; undefined
  70:	21212123 	.inst	0x21212123 ; undefined
  74:	01001702 	.inst	0x01001702 ; undefined
  78:	Address 0x78 is out of bounds.


Disassembly of section .debug_str:

0000000000000000 <.debug_str>:
   0:	746f6f62 	.inst	0x746f6f62 ; undefined
   4:	6d72612f 	ldp	d15, d24, [x9, #-224]
   8:	62757473 	.inst	0x62757473 ; undefined
   c:	6d72612f 	ldp	d15, d24, [x9, #-224]
  10:	62757473 	.inst	0x62757473 ; undefined
  14:	00532e38 	.inst	0x00532e38 ; undefined
  18:	6d6f682f 	ldp	d15, d26, [x1, #-272]
  1c:	697a2f65 	ldpsw	x5, x11, [x27, #-48]
  20:	2f78746c 	.inst	0x2f78746c ; undefined
  24:	61746144 	.inst	0x61746144 ; undefined
  28:	6f72502f 	fcmla	v15.8h, v1.8h, v18.h[1], #180
  2c:	6d617267 	ldp	d7, d28, [x19, #-496]
  30:	676e696d 	.inst	0x676e696d ; undefined
  34:	7469472f 	.inst	0x7469472f ; undefined
  38:	2f627568 	.inst	0x2f627568 ; undefined
  3c:	61727453 	.inst	0x61727453 ; undefined
  40:	72656277 	.inst	0x72656277 ; undefined
  44:	534f7972 	.inst	0x534f7972 ; undefined
  48:	554e4700 	.inst	0x554e4700 ; undefined
  4c:	20534120 	.inst	0x20534120 ; undefined
  50:	31342e32 	adds	w18, w17, #0xd0b
	...

Disassembly of section .debug_line_str:

0000000000000000 <.debug_line_str>:
   0:	6d6f682f 	ldp	d15, d26, [x1, #-272]
   4:	697a2f65 	ldpsw	x5, x11, [x27, #-48]
   8:	2f78746c 	.inst	0x2f78746c ; undefined
   c:	61746144 	.inst	0x61746144 ; undefined
  10:	6f72502f 	fcmla	v15.8h, v1.8h, v18.h[1], #180
  14:	6d617267 	ldp	d7, d28, [x19, #-496]
  18:	676e696d 	.inst	0x676e696d ; undefined
  1c:	7469472f 	.inst	0x7469472f ; undefined
  20:	2f627568 	.inst	0x2f627568 ; undefined
  24:	61727453 	.inst	0x61727453 ; undefined
  28:	72656277 	.inst	0x72656277 ; undefined
  2c:	534f7972 	.inst	0x534f7972 ; undefined
  30:	6f6f6200 	umlsl2	v0.4s, v16.8h, v15.h[2]
  34:	72612f74 	.inst	0x72612f74 ; undefined
  38:	7574736d 	.inst	0x7574736d ; undefined
  3c:	72610062 	.inst	0x72610062 ; undefined
  40:	7574736d 	.inst	0x7574736d ; undefined
  44:	532e3862 	.inst	0x532e3862 ; undefined
	...
